0 verbose cli /usr/local/bin/node /usr/local/bin/npm
1 info using npm@10.9.3
2 info using node@v22.19.0
3 silly config load:file:/usr/local/lib/node_modules/npm/npmrc
4 silly config load:file:/Users/ay/Desktop/Smart to do list/frontend/.npmrc
5 silly config load:file:/Users/ay/.npmrc
6 silly config load:file:/usr/local/etc/npmrc
7 verbose title npm install
8 verbose argv "install" "--cache" "/Users/ay/Desktop/Smart to do list/frontend/.npm-cache"
9 verbose logfile logs-max:10 dir:/Users/ay/Desktop/Smart to do list/frontend/.npm-cache/_logs/2025-11-01T06_04_40_601Z-
10 verbose logfile /Users/ay/Desktop/Smart to do list/frontend/.npm-cache/_logs/2025-11-01T06_04_40_601Z-debug-0.log
11 silly logfile done cleaning log files
12 silly packumentCache heap:4345298944 maxSize:1086324736 maxEntrySize:543162368
13 silly idealTree buildDeps
14 silly fetch manifest react@^18.3.1
15 silly packumentCache full:https://registry.npmjs.org/react cache-miss
16 http fetch GET 200 https://registry.npmjs.org/react 211ms (cache miss)
17 silly packumentCache full:https://registry.npmjs.org/react set size:undefined disposed:false
18 silly fetch manifest react-dom@^18.3.1
19 silly packumentCache full:https://registry.npmjs.org/react-dom cache-miss
20 http fetch GET 200 https://registry.npmjs.org/react-dom 230ms (cache miss)
21 silly packumentCache full:https://registry.npmjs.org/react-dom set size:undefined disposed:false
22 silly fetch manifest react-router-dom@^6.28.0
23 silly packumentCache full:https://registry.npmjs.org/react-router-dom cache-miss
24 http fetch GET 200 https://registry.npmjs.org/npm 655ms
25 http fetch GET 200 https://registry.npmjs.org/react-router-dom 115ms (cache miss)
26 silly packumentCache full:https://registry.npmjs.org/react-router-dom set size:undefined disposed:false
27 silly fetch manifest @vitejs/plugin-react-swc@^3.5.0
28 silly packumentCache full:https://registry.npmjs.org/@vitejs%2fplugin-react-swc cache-miss
29 http fetch GET 200 https://registry.npmjs.org/@vitejs%2fplugin-react-swc 54ms (cache miss)
30 silly packumentCache full:https://registry.npmjs.org/@vitejs%2fplugin-react-swc set size:undefined disposed:false
31 silly fetch manifest vite@^5.4.8
32 silly packumentCache full:https://registry.npmjs.org/vite cache-miss
33 http fetch GET 200 https://registry.npmjs.org/vite 948ms (cache miss)
34 silly packumentCache full:https://registry.npmjs.org/vite set size:undefined disposed:false
35 silly fetch manifest @types/node@^18.0.0 || >=20.0.0
36 silly packumentCache full:https://registry.npmjs.org/@types%2fnode cache-miss
37 http fetch GET 200 https://registry.npmjs.org/@types%2fnode 292ms (cache miss)
38 silly packumentCache full:https://registry.npmjs.org/@types%2fnode set size:undefined disposed:false
39 silly fetch manifest less@*
40 silly packumentCache full:https://registry.npmjs.org/less cache-miss
41 http fetch GET 200 https://registry.npmjs.org/less 85ms (cache miss)
42 silly packumentCache full:https://registry.npmjs.org/less set size:undefined disposed:false
43 silly fetch manifest lightningcss@^1.21.0
44 silly packumentCache full:https://registry.npmjs.org/lightningcss cache-miss
45 http fetch GET 200 https://registry.npmjs.org/lightningcss 34ms (cache miss)
46 silly packumentCache full:https://registry.npmjs.org/lightningcss set size:undefined disposed:false
47 silly fetch manifest sass@*
48 silly packumentCache full:https://registry.npmjs.org/sass cache-miss
49 http fetch GET 200 https://registry.npmjs.org/sass 56ms (cache miss)
50 silly packumentCache full:https://registry.npmjs.org/sass set size:undefined disposed:false
51 silly fetch manifest sass-embedded@*
52 silly packumentCache full:https://registry.npmjs.org/sass-embedded cache-miss
53 http fetch GET 200 https://registry.npmjs.org/sass-embedded 38ms (cache miss)
54 silly packumentCache full:https://registry.npmjs.org/sass-embedded set size:undefined disposed:false
55 silly fetch manifest stylus@*
56 silly packumentCache full:https://registry.npmjs.org/stylus cache-miss
57 http fetch GET 200 https://registry.npmjs.org/stylus 44ms (cache miss)
58 silly packumentCache full:https://registry.npmjs.org/stylus set size:undefined disposed:false
59 silly fetch manifest sugarss@*
60 silly packumentCache full:https://registry.npmjs.org/sugarss cache-miss
61 http fetch GET 200 https://registry.npmjs.org/sugarss 32ms (cache miss)
62 silly packumentCache full:https://registry.npmjs.org/sugarss set size:undefined disposed:false
63 silly fetch manifest postcss@^8.3.3
64 silly packumentCache full:https://registry.npmjs.org/postcss cache-miss
65 http fetch GET 200 https://registry.npmjs.org/postcss 54ms (cache miss)
66 silly packumentCache full:https://registry.npmjs.org/postcss set size:undefined disposed:false
67 silly fetch manifest terser@^5.4.0
68 silly packumentCache full:https://registry.npmjs.org/terser cache-miss
69 http fetch GET 200 https://registry.npmjs.org/terser 51ms (cache miss)
70 silly packumentCache full:https://registry.npmjs.org/terser set size:undefined disposed:false
71 silly placeDep ROOT @vitejs/plugin-react-swc@3.11.0 OK for: smart-todo-frontend@0.1.0 want: ^3.5.0
72 silly placeDep ROOT vite@5.4.21 OK for: @vitejs/plugin-react-swc@3.11.0 want: ^4 || ^5 || ^6 || ^7
73 silly placeDep ROOT react@18.3.1 OK for: smart-todo-frontend@0.1.0 want: ^18.3.1
74 silly placeDep ROOT react-dom@18.3.1 OK for: smart-todo-frontend@0.1.0 want: ^18.3.1
75 silly placeDep ROOT react-router-dom@6.30.1 OK for: smart-todo-frontend@0.1.0 want: ^6.28.0
76 silly fetch manifest @swc/core@^1.12.11
77 silly packumentCache full:https://registry.npmjs.org/@swc%2fcore cache-miss
78 silly fetch manifest @rolldown/pluginutils@1.0.0-beta.27
79 silly packumentCache full:https://registry.npmjs.org/@rolldown%2fpluginutils cache-miss
80 silly fetch manifest rollup@^4.20.0
81 silly packumentCache full:https://registry.npmjs.org/rollup cache-miss
82 silly fetch manifest esbuild@^0.21.3
83 silly packumentCache full:https://registry.npmjs.org/esbuild cache-miss
84 silly fetch manifest postcss@^8.4.43
85 silly packumentCache full:https://registry.npmjs.org/postcss cache-miss
86 silly fetch manifest fsevents@~2.3.3
87 silly packumentCache full:https://registry.npmjs.org/fsevents cache-miss
88 silly fetch manifest loose-envify@^1.1.0
89 silly packumentCache full:https://registry.npmjs.org/loose-envify cache-miss
90 http cache https://registry.npmjs.org/postcss 9ms (cache hit)
91 silly packumentCache full:https://registry.npmjs.org/postcss set size:696248 disposed:false
92 silly fetch manifest scheduler@^0.23.2
93 silly packumentCache full:https://registry.npmjs.org/scheduler cache-miss
94 http fetch GET 200 https://registry.npmjs.org/fsevents 127ms (cache miss)
95 silly packumentCache full:https://registry.npmjs.org/fsevents set size:undefined disposed:false
96 silly fetch manifest loose-envify@^1.1.0
97 silly packumentCache full:https://registry.npmjs.org/loose-envify cache-miss
98 http fetch GET 200 https://registry.npmjs.org/loose-envify 132ms (cache miss)
99 silly packumentCache full:https://registry.npmjs.org/loose-envify set size:undefined disposed:false
100 silly fetch manifest react-router@6.30.1
101 silly packumentCache full:https://registry.npmjs.org/react-router cache-miss
102 http fetch GET 200 https://registry.npmjs.org/@rolldown%2fpluginutils 134ms (cache miss)
103 silly packumentCache full:https://registry.npmjs.org/@rolldown%2fpluginutils set size:undefined disposed:false
104 silly fetch manifest @remix-run/router@1.23.0
105 silly packumentCache full:https://registry.npmjs.org/@remix-run%2frouter cache-miss
106 http fetch GET 200 https://registry.npmjs.org/esbuild 153ms (cache miss)
107 silly packumentCache full:https://registry.npmjs.org/esbuild set size:undefined disposed:false
108 http fetch GET 200 https://registry.npmjs.org/loose-envify 67ms (cache miss)
109 silly packumentCache full:https://registry.npmjs.org/loose-envify set size:undefined disposed:false
110 http fetch GET 200 https://registry.npmjs.org/scheduler 338ms (cache miss)
111 silly packumentCache full:https://registry.npmjs.org/scheduler set size:undefined disposed:false
112 http fetch GET 200 https://registry.npmjs.org/@swc%2fcore 463ms (cache miss)
113 silly packumentCache full:https://registry.npmjs.org/@swc%2fcore set size:undefined disposed:false
114 http fetch GET 200 https://registry.npmjs.org/rollup 568ms (cache miss)
115 silly packumentCache full:https://registry.npmjs.org/rollup set size:undefined disposed:false
116 http fetch GET 200 https://registry.npmjs.org/react-router 466ms (cache miss)
117 silly packumentCache full:https://registry.npmjs.org/react-router set size:undefined disposed:false
118 http fetch GET 200 https://registry.npmjs.org/@remix-run%2frouter 1442ms (cache miss)
119 silly packumentCache full:https://registry.npmjs.org/@remix-run%2frouter set size:undefined disposed:false
120 silly fetch manifest @swc/helpers@>=0.5.17
121 silly packumentCache full:https://registry.npmjs.org/@swc%2fhelpers cache-miss
122 http fetch GET 200 https://registry.npmjs.org/@swc%2fhelpers 90ms (cache miss)
123 silly packumentCache full:https://registry.npmjs.org/@swc%2fhelpers set size:undefined disposed:false
124 silly placeDep ROOT @rolldown/pluginutils@1.0.0-beta.27 OK for: @vitejs/plugin-react-swc@3.11.0 want: 1.0.0-beta.27
125 silly placeDep ROOT @swc/core@1.14.0 OK for: @vitejs/plugin-react-swc@3.11.0 want: ^1.12.11
126 silly fetch manifest @swc/counter@^0.1.3
127 silly packumentCache full:https://registry.npmjs.org/@swc%2fcounter cache-miss
128 silly fetch manifest @swc/types@^0.1.25
129 silly packumentCache full:https://registry.npmjs.org/@swc%2ftypes cache-miss
130 silly fetch manifest @swc/core-darwin-x64@1.14.0
131 silly packumentCache full:https://registry.npmjs.org/@swc%2fcore-darwin-x64 cache-miss
132 silly fetch manifest @swc/core-win32-x64-msvc@1.14.0
133 silly packumentCache full:https://registry.npmjs.org/@swc%2fcore-win32-x64-msvc cache-miss
134 silly fetch manifest @swc/core-linux-x64-gnu@1.14.0
135 silly packumentCache full:https://registry.npmjs.org/@swc%2fcore-linux-x64-gnu cache-miss
136 silly fetch manifest @swc/core-linux-x64-musl@1.14.0
137 silly packumentCache full:https://registry.npmjs.org/@swc%2fcore-linux-x64-musl cache-miss
138 silly fetch manifest @swc/core-win32-ia32-msvc@1.14.0
139 silly packumentCache full:https://registry.npmjs.org/@swc%2fcore-win32-ia32-msvc cache-miss
140 http fetch GET 200 https://registry.npmjs.org/@swc%2fcounter 50ms (cache miss)
141 silly packumentCache full:https://registry.npmjs.org/@swc%2fcounter set size:undefined disposed:false
142 silly fetch manifest @swc/core-linux-arm-gnueabihf@1.14.0
143 silly packumentCache full:https://registry.npmjs.org/@swc%2fcore-linux-arm-gnueabihf cache-miss
144 http fetch GET 200 https://registry.npmjs.org/@swc%2fcore-darwin-x64 926ms (cache miss)
145 silly packumentCache full:https://registry.npmjs.org/@swc%2fcore-darwin-x64 set size:undefined disposed:false
146 silly fetch manifest @swc/core-darwin-arm64@1.14.0
147 silly packumentCache full:https://registry.npmjs.org/@swc%2fcore-darwin-arm64 cache-miss
148 http fetch GET 200 https://registry.npmjs.org/@swc%2fcore-darwin-arm64 347ms (cache miss)
149 silly packumentCache full:https://registry.npmjs.org/@swc%2fcore-darwin-arm64 set size:undefined disposed:false
150 silly fetch manifest @swc/core-linux-arm64-gnu@1.14.0
151 silly packumentCache full:https://registry.npmjs.org/@swc%2fcore-linux-arm64-gnu cache-miss
152 http fetch GET 200 https://registry.npmjs.org/@swc%2ftypes 1373ms (cache miss)
153 silly packumentCache full:https://registry.npmjs.org/@swc%2ftypes set size:undefined disposed:false
154 silly fetch manifest @swc/core-linux-arm64-musl@1.14.0
155 silly packumentCache full:https://registry.npmjs.org/@swc%2fcore-linux-arm64-musl cache-miss
156 http fetch GET 200 https://registry.npmjs.org/@swc%2fcore-win32-ia32-msvc 1454ms (cache miss)
157 silly packumentCache full:https://registry.npmjs.org/@swc%2fcore-win32-ia32-msvc set size:undefined disposed:false
158 silly fetch manifest @swc/core-win32-arm64-msvc@1.14.0
159 silly packumentCache full:https://registry.npmjs.org/@swc%2fcore-win32-arm64-msvc cache-miss
160 http fetch GET 200 https://registry.npmjs.org/@swc%2fcore-linux-arm-gnueabihf 1431ms (cache miss)
161 silly packumentCache full:https://registry.npmjs.org/@swc%2fcore-linux-arm-gnueabihf set size:undefined disposed:false
162 http fetch GET 200 https://registry.npmjs.org/@swc%2fcore-linux-arm64-gnu 370ms (cache miss)
163 silly packumentCache full:https://registry.npmjs.org/@swc%2fcore-linux-arm64-gnu set size:undefined disposed:false
164 http fetch GET 200 https://registry.npmjs.org/@swc%2fcore-win32-x64-msvc 1808ms (cache miss)
165 silly packumentCache full:https://registry.npmjs.org/@swc%2fcore-win32-x64-msvc set size:undefined disposed:false
166 http fetch GET 200 https://registry.npmjs.org/@swc%2fcore-linux-x64-musl 1819ms (cache miss)
167 silly packumentCache full:https://registry.npmjs.org/@swc%2fcore-linux-x64-musl set size:undefined disposed:false
168 http fetch GET 200 https://registry.npmjs.org/@swc%2fcore-linux-x64-gnu 1843ms (cache miss)
169 silly packumentCache full:https://registry.npmjs.org/@swc%2fcore-linux-x64-gnu set size:undefined disposed:false
170 http fetch GET 200 https://registry.npmjs.org/@swc%2fcore-linux-arm64-musl 898ms (cache miss)
171 silly packumentCache full:https://registry.npmjs.org/@swc%2fcore-linux-arm64-musl set size:undefined disposed:false
172 http fetch GET 200 https://registry.npmjs.org/@swc%2fcore-win32-arm64-msvc 1434ms (cache miss)
173 silly packumentCache full:https://registry.npmjs.org/@swc%2fcore-win32-arm64-msvc set size:undefined disposed:false
174 silly placeDep ROOT @swc/core-darwin-arm64@1.14.0 OK for: @swc/core@1.14.0 want: 1.14.0
175 silly placeDep ROOT @swc/core-darwin-x64@1.14.0 OK for: @swc/core@1.14.0 want: 1.14.0
176 silly placeDep ROOT @swc/core-linux-arm-gnueabihf@1.14.0 OK for: @swc/core@1.14.0 want: 1.14.0
177 silly placeDep ROOT @swc/core-linux-arm64-gnu@1.14.0 OK for: @swc/core@1.14.0 want: 1.14.0
178 silly placeDep ROOT @swc/core-linux-arm64-musl@1.14.0 OK for: @swc/core@1.14.0 want: 1.14.0
179 silly placeDep ROOT @swc/core-linux-x64-gnu@1.14.0 OK for: @swc/core@1.14.0 want: 1.14.0
180 silly placeDep ROOT @swc/core-linux-x64-musl@1.14.0 OK for: @swc/core@1.14.0 want: 1.14.0
181 silly placeDep ROOT @swc/core-win32-arm64-msvc@1.14.0 OK for: @swc/core@1.14.0 want: 1.14.0
182 silly placeDep ROOT @swc/core-win32-ia32-msvc@1.14.0 OK for: @swc/core@1.14.0 want: 1.14.0
183 silly placeDep ROOT @swc/core-win32-x64-msvc@1.14.0 OK for: @swc/core@1.14.0 want: 1.14.0
184 silly placeDep ROOT @swc/counter@0.1.3 OK for: @swc/core@1.14.0 want: ^0.1.3
185 silly placeDep ROOT @swc/types@0.1.25 OK for: @swc/core@1.14.0 want: ^0.1.25
186 silly placeDep ROOT loose-envify@1.4.0 OK for: react@18.3.1 want: ^1.1.0
187 silly fetch manifest js-tokens@^3.0.0 || ^4.0.0
188 silly packumentCache full:https://registry.npmjs.org/js-tokens cache-miss
189 http fetch GET 200 https://registry.npmjs.org/js-tokens 65ms (cache miss)
190 silly packumentCache full:https://registry.npmjs.org/js-tokens set size:undefined disposed:false
191 silly placeDep ROOT js-tokens@4.0.0 OK for: loose-envify@1.4.0 want: ^3.0.0 || ^4.0.0
192 silly placeDep ROOT scheduler@0.23.2 OK for: react-dom@18.3.1 want: ^0.23.2
193 silly fetch manifest react@>=16.8
194 silly packumentCache full:https://registry.npmjs.org/react cache-miss
195 http cache https://registry.npmjs.org/react 10ms (cache hit)
196 silly packumentCache full:https://registry.npmjs.org/react set size:6216709 disposed:false
197 silly placeDep ROOT @remix-run/router@1.23.0 OK for: react-router-dom@6.30.1 want: 1.23.0
198 silly placeDep ROOT react-router@6.30.1 OK for: react-router-dom@6.30.1 want: 6.30.1
199 silly placeDep ROOT esbuild@0.21.5 OK for: vite@5.4.21 want: ^0.21.3
200 silly placeDep ROOT fsevents@2.3.3 OK for: vite@5.4.21 want: ~2.3.3
201 silly placeDep ROOT postcss@8.5.6 OK for: vite@5.4.21 want: ^8.4.43
202 silly placeDep ROOT rollup@4.52.5 OK for: vite@5.4.21 want: ^4.20.0
203 silly fetch manifest @esbuild/aix-ppc64@0.21.5
204 silly packumentCache full:https://registry.npmjs.org/@esbuild%2faix-ppc64 cache-miss
205 silly fetch manifest @esbuild/linux-arm@0.21.5
206 silly packumentCache full:https://registry.npmjs.org/@esbuild%2flinux-arm cache-miss
207 silly fetch manifest @esbuild/linux-x64@0.21.5
208 silly packumentCache full:https://registry.npmjs.org/@esbuild%2flinux-x64 cache-miss
209 silly fetch manifest @esbuild/sunos-x64@0.21.5
210 silly packumentCache full:https://registry.npmjs.org/@esbuild%2fsunos-x64 cache-miss
211 silly fetch manifest @esbuild/win32-x64@0.21.5
212 silly packumentCache full:https://registry.npmjs.org/@esbuild%2fwin32-x64 cache-miss
213 silly fetch manifest @esbuild/darwin-x64@0.21.5
214 silly packumentCache full:https://registry.npmjs.org/@esbuild%2fdarwin-x64 cache-miss
215 silly fetch manifest @esbuild/linux-ia32@0.21.5
216 silly packumentCache full:https://registry.npmjs.org/@esbuild%2flinux-ia32 cache-miss
217 http fetch GET 200 https://registry.npmjs.org/@esbuild%2faix-ppc64 45ms (cache miss)
218 silly packumentCache full:https://registry.npmjs.org/@esbuild%2faix-ppc64 set size:undefined disposed:false
219 silly fetch manifest @esbuild/netbsd-x64@0.21.5
220 silly packumentCache full:https://registry.npmjs.org/@esbuild%2fnetbsd-x64 cache-miss
221 http fetch GET 200 https://registry.npmjs.org/@esbuild%2flinux-ia32 49ms (cache miss)
222 silly packumentCache full:https://registry.npmjs.org/@esbuild%2flinux-ia32 set size:undefined disposed:false
223 silly fetch manifest @esbuild/win32-ia32@0.21.5
224 silly packumentCache full:https://registry.npmjs.org/@esbuild%2fwin32-ia32 cache-miss
225 http fetch GET 200 https://registry.npmjs.org/@esbuild%2fdarwin-x64 65ms (cache miss)
226 silly packumentCache full:https://registry.npmjs.org/@esbuild%2fdarwin-x64 set size:undefined disposed:false
227 silly fetch manifest @esbuild/android-arm@0.21.5
228 silly packumentCache full:https://registry.npmjs.org/@esbuild%2fandroid-arm cache-miss
229 http fetch GET 200 https://registry.npmjs.org/@esbuild%2fsunos-x64 69ms (cache miss)
230 silly packumentCache full:https://registry.npmjs.org/@esbuild%2fsunos-x64 set size:undefined disposed:false
231 silly fetch manifest @esbuild/android-x64@0.21.5
232 silly packumentCache full:https://registry.npmjs.org/@esbuild%2fandroid-x64 cache-miss
233 http fetch GET 200 https://registry.npmjs.org/@esbuild%2fwin32-x64 70ms (cache miss)
234 silly packumentCache full:https://registry.npmjs.org/@esbuild%2fwin32-x64 set size:undefined disposed:false
235 silly fetch manifest @esbuild/freebsd-x64@0.21.5
236 silly packumentCache full:https://registry.npmjs.org/@esbuild%2ffreebsd-x64 cache-miss
237 http fetch GET 200 https://registry.npmjs.org/@esbuild%2flinux-arm 78ms (cache miss)
238 silly packumentCache full:https://registry.npmjs.org/@esbuild%2flinux-arm set size:undefined disposed:false
239 silly fetch manifest @esbuild/linux-arm64@0.21.5
240 silly packumentCache full:https://registry.npmjs.org/@esbuild%2flinux-arm64 cache-miss
241 http fetch GET 200 https://registry.npmjs.org/@esbuild%2fnetbsd-x64 49ms (cache miss)
242 silly packumentCache full:https://registry.npmjs.org/@esbuild%2fnetbsd-x64 set size:undefined disposed:false
243 silly fetch manifest @esbuild/linux-ppc64@0.21.5
244 silly packumentCache full:https://registry.npmjs.org/@esbuild%2flinux-ppc64 cache-miss
245 http fetch GET 200 https://registry.npmjs.org/@esbuild%2fwin32-ia32 47ms (cache miss)
246 silly packumentCache full:https://registry.npmjs.org/@esbuild%2fwin32-ia32 set size:undefined disposed:false
247 silly fetch manifest @esbuild/linux-s390x@0.21.5
248 silly packumentCache full:https://registry.npmjs.org/@esbuild%2flinux-s390x cache-miss
249 http fetch GET 200 https://registry.npmjs.org/@esbuild%2fandroid-x64 59ms (cache miss)
250 silly packumentCache full:https://registry.npmjs.org/@esbuild%2fandroid-x64 set size:undefined disposed:false
251 silly fetch manifest @esbuild/openbsd-x64@0.21.5
252 silly packumentCache full:https://registry.npmjs.org/@esbuild%2fopenbsd-x64 cache-miss
253 http fetch GET 200 https://registry.npmjs.org/@esbuild%2fandroid-arm 66ms (cache miss)
254 silly packumentCache full:https://registry.npmjs.org/@esbuild%2fandroid-arm set size:undefined disposed:false
255 silly fetch manifest @esbuild/win32-arm64@0.21.5
256 silly packumentCache full:https://registry.npmjs.org/@esbuild%2fwin32-arm64 cache-miss
257 http fetch GET 200 https://registry.npmjs.org/@esbuild%2flinux-x64 136ms (cache miss)
258 silly packumentCache full:https://registry.npmjs.org/@esbuild%2flinux-x64 set size:undefined disposed:false
259 silly fetch manifest @esbuild/darwin-arm64@0.21.5
260 silly packumentCache full:https://registry.npmjs.org/@esbuild%2fdarwin-arm64 cache-miss
261 http fetch GET 200 https://registry.npmjs.org/@esbuild%2flinux-ppc64 55ms (cache miss)
262 silly packumentCache full:https://registry.npmjs.org/@esbuild%2flinux-ppc64 set size:undefined disposed:false
263 silly fetch manifest @esbuild/android-arm64@0.21.5
264 silly packumentCache full:https://registry.npmjs.org/@esbuild%2fandroid-arm64 cache-miss
265 http fetch GET 200 https://registry.npmjs.org/@esbuild%2flinux-arm64 74ms (cache miss)
266 silly packumentCache full:https://registry.npmjs.org/@esbuild%2flinux-arm64 set size:undefined disposed:false
267 silly fetch manifest @esbuild/freebsd-arm64@0.21.5
268 silly packumentCache full:https://registry.npmjs.org/@esbuild%2ffreebsd-arm64 cache-miss
269 http fetch GET 200 https://registry.npmjs.org/@esbuild%2flinux-s390x 56ms (cache miss)
270 silly packumentCache full:https://registry.npmjs.org/@esbuild%2flinux-s390x set size:undefined disposed:false
271 silly fetch manifest @esbuild/linux-loong64@0.21.5
272 silly packumentCache full:https://registry.npmjs.org/@esbuild%2flinux-loong64 cache-miss
273 http fetch GET 200 https://registry.npmjs.org/@esbuild%2ffreebsd-x64 93ms (cache miss)
274 silly packumentCache full:https://registry.npmjs.org/@esbuild%2ffreebsd-x64 set size:undefined disposed:false
275 silly fetch manifest @esbuild/linux-riscv64@0.21.5
276 silly packumentCache full:https://registry.npmjs.org/@esbuild%2flinux-riscv64 cache-miss
277 http fetch GET 200 https://registry.npmjs.org/@esbuild%2fopenbsd-x64 66ms (cache miss)
278 silly packumentCache full:https://registry.npmjs.org/@esbuild%2fopenbsd-x64 set size:undefined disposed:false
279 silly fetch manifest @esbuild/linux-mips64el@0.21.5
280 silly packumentCache full:https://registry.npmjs.org/@esbuild%2flinux-mips64el cache-miss
281 http fetch GET 200 https://registry.npmjs.org/@esbuild%2fwin32-arm64 64ms (cache miss)
282 silly packumentCache full:https://registry.npmjs.org/@esbuild%2fwin32-arm64 set size:undefined disposed:false
283 silly fetch manifest nanoid@^3.3.11
284 silly packumentCache full:https://registry.npmjs.org/nanoid cache-miss
285 http fetch GET 200 https://registry.npmjs.org/@esbuild%2ffreebsd-arm64 51ms (cache miss)
286 silly packumentCache full:https://registry.npmjs.org/@esbuild%2ffreebsd-arm64 set size:undefined disposed:false
287 silly fetch manifest picocolors@^1.1.1
288 silly packumentCache full:https://registry.npmjs.org/picocolors cache-miss
289 http fetch GET 200 https://registry.npmjs.org/picocolors 38ms (cache miss)
290 silly packumentCache full:https://registry.npmjs.org/picocolors set size:undefined disposed:false
291 silly fetch manifest source-map-js@^1.2.1
292 silly packumentCache full:https://registry.npmjs.org/source-map-js cache-miss
293 http fetch GET 200 https://registry.npmjs.org/@esbuild%2flinux-riscv64 81ms (cache miss)
294 silly packumentCache full:https://registry.npmjs.org/@esbuild%2flinux-riscv64 set size:undefined disposed:false
295 silly fetch manifest @types/estree@1.0.8
296 silly packumentCache full:https://registry.npmjs.org/@types%2festree cache-miss
297 http fetch GET 200 https://registry.npmjs.org/nanoid 50ms (cache miss)
298 silly packumentCache full:https://registry.npmjs.org/nanoid set size:undefined disposed:false
299 silly fetch manifest @rollup/rollup-darwin-arm64@4.52.5
300 silly packumentCache full:https://registry.npmjs.org/@rollup%2frollup-darwin-arm64 cache-miss
301 http fetch GET 200 https://registry.npmjs.org/source-map-js 33ms (cache miss)
302 silly packumentCache full:https://registry.npmjs.org/source-map-js set size:undefined disposed:false
303 silly fetch manifest @rollup/rollup-android-arm64@4.52.5
304 silly packumentCache full:https://registry.npmjs.org/@rollup%2frollup-android-arm64 cache-miss
305 http fetch GET 200 https://registry.npmjs.org/@esbuild%2flinux-mips64el 96ms (cache miss)
306 silly packumentCache full:https://registry.npmjs.org/@esbuild%2flinux-mips64el set size:undefined disposed:false
307 silly fetch manifest @rollup/rollup-win32-arm64-msvc@4.52.5
308 silly packumentCache full:https://registry.npmjs.org/@rollup%2frollup-win32-arm64-msvc cache-miss
309 http fetch GET 200 https://registry.npmjs.org/@types%2festree 53ms (cache miss)
310 silly packumentCache full:https://registry.npmjs.org/@types%2festree set size:undefined disposed:false
311 silly fetch manifest @rollup/rollup-freebsd-arm64@4.52.5
312 silly packumentCache full:https://registry.npmjs.org/@rollup%2frollup-freebsd-arm64 cache-miss
313 http fetch GET 200 https://registry.npmjs.org/@rollup%2frollup-darwin-arm64 58ms (cache miss)
314 silly packumentCache full:https://registry.npmjs.org/@rollup%2frollup-darwin-arm64 set size:undefined disposed:false
315 silly fetch manifest @rollup/rollup-linux-arm64-gnu@4.52.5
316 silly packumentCache full:https://registry.npmjs.org/@rollup%2frollup-linux-arm64-gnu cache-miss
317 http fetch GET 200 https://registry.npmjs.org/@esbuild%2fandroid-arm64 163ms (cache miss)
318 silly packumentCache full:https://registry.npmjs.org/@esbuild%2fandroid-arm64 set size:undefined disposed:false
319 silly fetch manifest @rollup/rollup-linux-arm64-musl@4.52.5
320 silly packumentCache full:https://registry.npmjs.org/@rollup%2frollup-linux-arm64-musl cache-miss
321 http fetch GET 200 https://registry.npmjs.org/@rollup%2frollup-win32-arm64-msvc 75ms (cache miss)
322 silly packumentCache full:https://registry.npmjs.org/@rollup%2frollup-win32-arm64-msvc set size:undefined disposed:false
323 silly fetch manifest @rollup/rollup-android-arm-eabi@4.52.5
324 silly packumentCache full:https://registry.npmjs.org/@rollup%2frollup-android-arm-eabi cache-miss
325 http fetch GET 200 https://registry.npmjs.org/@rollup%2frollup-freebsd-arm64 75ms (cache miss)
326 silly packumentCache full:https://registry.npmjs.org/@rollup%2frollup-freebsd-arm64 set size:undefined disposed:false
327 silly fetch manifest @rollup/rollup-linux-arm-gnueabihf@4.52.5
328 silly packumentCache full:https://registry.npmjs.org/@rollup%2frollup-linux-arm-gnueabihf cache-miss
329 http fetch GET 200 https://registry.npmjs.org/@rollup%2frollup-linux-arm64-musl 60ms (cache miss)
330 silly packumentCache full:https://registry.npmjs.org/@rollup%2frollup-linux-arm64-musl set size:undefined disposed:false
331 silly fetch manifest @rollup/rollup-linux-arm-musleabihf@4.52.5
332 silly packumentCache full:https://registry.npmjs.org/@rollup%2frollup-linux-arm-musleabihf cache-miss
333 http fetch GET 200 https://registry.npmjs.org/@esbuild%2fdarwin-arm64 349ms (cache miss)
334 silly packumentCache full:https://registry.npmjs.org/@esbuild%2fdarwin-arm64 set size:undefined disposed:false
335 silly fetch manifest @rollup/rollup-win32-ia32-msvc@4.52.5
336 silly packumentCache full:https://registry.npmjs.org/@rollup%2frollup-win32-ia32-msvc cache-miss
337 http fetch GET 200 https://registry.npmjs.org/@esbuild%2flinux-loong64 332ms (cache miss)
338 silly packumentCache full:https://registry.npmjs.org/@esbuild%2flinux-loong64 set size:undefined disposed:false
339 silly fetch manifest @rollup/rollup-linux-loong64-gnu@4.52.5
340 silly packumentCache full:https://registry.npmjs.org/@rollup%2frollup-linux-loong64-gnu cache-miss
341 http fetch GET 200 https://registry.npmjs.org/@rollup%2frollup-linux-loong64-gnu 49ms (cache miss)
342 silly packumentCache full:https://registry.npmjs.org/@rollup%2frollup-linux-loong64-gnu set size:undefined disposed:false
343 silly fetch manifest @rollup/rollup-linux-riscv64-gnu@4.52.5
344 silly packumentCache full:https://registry.npmjs.org/@rollup%2frollup-linux-riscv64-gnu cache-miss
345 http fetch GET 200 https://registry.npmjs.org/@rollup%2frollup-win32-ia32-msvc 86ms (cache miss)
346 silly packumentCache full:https://registry.npmjs.org/@rollup%2frollup-win32-ia32-msvc set size:undefined disposed:false
347 silly fetch manifest @rollup/rollup-linux-riscv64-musl@4.52.5
348 silly packumentCache full:https://registry.npmjs.org/@rollup%2frollup-linux-riscv64-musl cache-miss
349 http fetch GET 200 https://registry.npmjs.org/@rollup%2frollup-linux-arm64-gnu 275ms (cache miss)
350 silly packumentCache full:https://registry.npmjs.org/@rollup%2frollup-linux-arm64-gnu set size:undefined disposed:false
351 silly fetch manifest @rollup/rollup-linux-ppc64-gnu@4.52.5
352 silly packumentCache full:https://registry.npmjs.org/@rollup%2frollup-linux-ppc64-gnu cache-miss
353 http fetch GET 200 https://registry.npmjs.org/@rollup%2frollup-linux-arm-musleabihf 249ms (cache miss)
354 silly packumentCache full:https://registry.npmjs.org/@rollup%2frollup-linux-arm-musleabihf set size:undefined disposed:false
355 silly fetch manifest @rollup/rollup-linux-s390x-gnu@4.52.5
356 silly packumentCache full:https://registry.npmjs.org/@rollup%2frollup-linux-s390x-gnu cache-miss
357 http fetch GET 200 https://registry.npmjs.org/@rollup%2frollup-linux-riscv64-gnu 90ms (cache miss)
358 silly packumentCache full:https://registry.npmjs.org/@rollup%2frollup-linux-riscv64-gnu set size:undefined disposed:false
359 silly fetch manifest @rollup/rollup-darwin-x64@4.52.5
360 silly packumentCache full:https://registry.npmjs.org/@rollup%2frollup-darwin-x64 cache-miss
361 http fetch GET 200 https://registry.npmjs.org/@rollup%2frollup-linux-ppc64-gnu 49ms (cache miss)
362 silly packumentCache full:https://registry.npmjs.org/@rollup%2frollup-linux-ppc64-gnu set size:undefined disposed:false
363 silly fetch manifest @rollup/rollup-win32-x64-gnu@4.52.5
364 silly packumentCache full:https://registry.npmjs.org/@rollup%2frollup-win32-x64-gnu cache-miss
365 http fetch GET 200 https://registry.npmjs.org/@rollup%2frollup-linux-riscv64-musl 63ms (cache miss)
366 silly packumentCache full:https://registry.npmjs.org/@rollup%2frollup-linux-riscv64-musl set size:undefined disposed:false
367 silly fetch manifest @rollup/rollup-win32-x64-msvc@4.52.5
368 silly packumentCache full:https://registry.npmjs.org/@rollup%2frollup-win32-x64-msvc cache-miss
369 http fetch GET 200 https://registry.npmjs.org/@rollup%2frollup-win32-x64-gnu 68ms (cache miss)
370 silly packumentCache full:https://registry.npmjs.org/@rollup%2frollup-win32-x64-gnu set size:undefined disposed:false
371 silly fetch manifest @rollup/rollup-freebsd-x64@4.52.5
372 silly packumentCache full:https://registry.npmjs.org/@rollup%2frollup-freebsd-x64 cache-miss
373 http fetch GET 200 https://registry.npmjs.org/@rollup%2frollup-darwin-x64 84ms (cache miss)
374 silly packumentCache full:https://registry.npmjs.org/@rollup%2frollup-darwin-x64 set size:undefined disposed:false
375 silly fetch manifest @rollup/rollup-linux-x64-gnu@4.52.5
376 silly packumentCache full:https://registry.npmjs.org/@rollup%2frollup-linux-x64-gnu cache-miss
377 http fetch GET 200 https://registry.npmjs.org/@rollup%2frollup-freebsd-x64 62ms (cache miss)
378 silly packumentCache full:https://registry.npmjs.org/@rollup%2frollup-freebsd-x64 set size:undefined disposed:false
379 silly fetch manifest @rollup/rollup-linux-x64-musl@4.52.5
380 silly packumentCache full:https://registry.npmjs.org/@rollup%2frollup-linux-x64-musl cache-miss
381 http fetch GET 200 https://registry.npmjs.org/@rollup%2frollup-linux-x64-gnu 83ms (cache miss)
382 silly packumentCache full:https://registry.npmjs.org/@rollup%2frollup-linux-x64-gnu set size:undefined disposed:false
383 silly fetch manifest @rollup/rollup-openharmony-arm64@4.52.5
384 silly packumentCache full:https://registry.npmjs.org/@rollup%2frollup-openharmony-arm64 cache-miss
385 http fetch GET 200 https://registry.npmjs.org/@rollup%2frollup-linux-x64-musl 62ms (cache miss)
386 silly packumentCache full:https://registry.npmjs.org/@rollup%2frollup-linux-x64-musl set size:undefined disposed:false
387 http fetch GET 200 https://registry.npmjs.org/@rollup%2frollup-openharmony-arm64 47ms (cache miss)
388 silly packumentCache full:https://registry.npmjs.org/@rollup%2frollup-openharmony-arm64 set size:undefined disposed:false
389 http fetch GET 200 https://registry.npmjs.org/@rollup%2frollup-android-arm-eabi 608ms (cache miss)
390 silly packumentCache full:https://registry.npmjs.org/@rollup%2frollup-android-arm-eabi set size:undefined disposed:false
391 http fetch GET 200 https://registry.npmjs.org/@rollup%2frollup-linux-arm-gnueabihf 621ms (cache miss)
392 silly packumentCache full:https://registry.npmjs.org/@rollup%2frollup-linux-arm-gnueabihf set size:undefined disposed:false
393 http fetch GET 200 https://registry.npmjs.org/@rollup%2frollup-win32-x64-msvc 624ms (cache miss)
394 silly packumentCache full:https://registry.npmjs.org/@rollup%2frollup-win32-x64-msvc set size:undefined disposed:false
395 http fetch GET 200 https://registry.npmjs.org/@rollup%2frollup-android-arm64 1148ms (cache miss)
396 silly packumentCache full:https://registry.npmjs.org/@rollup%2frollup-android-arm64 set size:undefined disposed:false
397 http fetch GET 200 https://registry.npmjs.org/@rollup%2frollup-linux-s390x-gnu 1184ms (cache miss)
398 silly packumentCache full:https://registry.npmjs.org/@rollup%2frollup-linux-s390x-gnu set size:undefined disposed:false
399 silly placeDep ROOT @esbuild/aix-ppc64@0.21.5 OK for: esbuild@0.21.5 want: 0.21.5
400 silly placeDep ROOT @esbuild/android-arm@0.21.5 OK for: esbuild@0.21.5 want: 0.21.5
401 silly placeDep ROOT @esbuild/android-arm64@0.21.5 OK for: esbuild@0.21.5 want: 0.21.5
402 silly placeDep ROOT @esbuild/android-x64@0.21.5 OK for: esbuild@0.21.5 want: 0.21.5
403 silly placeDep ROOT @esbuild/darwin-arm64@0.21.5 OK for: esbuild@0.21.5 want: 0.21.5
404 silly placeDep ROOT @esbuild/darwin-x64@0.21.5 OK for: esbuild@0.21.5 want: 0.21.5
405 silly placeDep ROOT @esbuild/freebsd-arm64@0.21.5 OK for: esbuild@0.21.5 want: 0.21.5
406 silly placeDep ROOT @esbuild/freebsd-x64@0.21.5 OK for: esbuild@0.21.5 want: 0.21.5
407 silly placeDep ROOT @esbuild/linux-arm@0.21.5 OK for: esbuild@0.21.5 want: 0.21.5
408 silly placeDep ROOT @esbuild/linux-arm64@0.21.5 OK for: esbuild@0.21.5 want: 0.21.5
409 silly placeDep ROOT @esbuild/linux-ia32@0.21.5 OK for: esbuild@0.21.5 want: 0.21.5
410 silly placeDep ROOT @esbuild/linux-loong64@0.21.5 OK for: esbuild@0.21.5 want: 0.21.5
411 silly placeDep ROOT @esbuild/linux-mips64el@0.21.5 OK for: esbuild@0.21.5 want: 0.21.5
412 silly placeDep ROOT @esbuild/linux-ppc64@0.21.5 OK for: esbuild@0.21.5 want: 0.21.5
413 silly placeDep ROOT @esbuild/linux-riscv64@0.21.5 OK for: esbuild@0.21.5 want: 0.21.5
414 silly placeDep ROOT @esbuild/linux-s390x@0.21.5 OK for: esbuild@0.21.5 want: 0.21.5
415 silly placeDep ROOT @esbuild/linux-x64@0.21.5 OK for: esbuild@0.21.5 want: 0.21.5
416 silly placeDep ROOT @esbuild/netbsd-x64@0.21.5 OK for: esbuild@0.21.5 want: 0.21.5
417 silly placeDep ROOT @esbuild/openbsd-x64@0.21.5 OK for: esbuild@0.21.5 want: 0.21.5
418 silly placeDep ROOT @esbuild/sunos-x64@0.21.5 OK for: esbuild@0.21.5 want: 0.21.5
419 silly placeDep ROOT @esbuild/win32-arm64@0.21.5 OK for: esbuild@0.21.5 want: 0.21.5
420 silly placeDep ROOT @esbuild/win32-ia32@0.21.5 OK for: esbuild@0.21.5 want: 0.21.5
421 silly placeDep ROOT @esbuild/win32-x64@0.21.5 OK for: esbuild@0.21.5 want: 0.21.5
422 silly placeDep ROOT nanoid@3.3.11 OK for: postcss@8.5.6 want: ^3.3.11
423 silly placeDep ROOT picocolors@1.1.1 OK for: postcss@8.5.6 want: ^1.1.1
424 silly placeDep ROOT source-map-js@1.2.1 OK for: postcss@8.5.6 want: ^1.2.1
425 silly placeDep ROOT @rollup/rollup-android-arm-eabi@4.52.5 OK for: rollup@4.52.5 want: 4.52.5
426 silly placeDep ROOT @rollup/rollup-android-arm64@4.52.5 OK for: rollup@4.52.5 want: 4.52.5
427 silly placeDep ROOT @rollup/rollup-darwin-arm64@4.52.5 OK for: rollup@4.52.5 want: 4.52.5
428 silly placeDep ROOT @rollup/rollup-darwin-x64@4.52.5 OK for: rollup@4.52.5 want: 4.52.5
429 silly placeDep ROOT @rollup/rollup-freebsd-arm64@4.52.5 OK for: rollup@4.52.5 want: 4.52.5
430 silly placeDep ROOT @rollup/rollup-freebsd-x64@4.52.5 OK for: rollup@4.52.5 want: 4.52.5
431 silly placeDep ROOT @rollup/rollup-linux-arm-gnueabihf@4.52.5 OK for: rollup@4.52.5 want: 4.52.5
432 silly placeDep ROOT @rollup/rollup-linux-arm-musleabihf@4.52.5 OK for: rollup@4.52.5 want: 4.52.5
433 silly placeDep ROOT @rollup/rollup-linux-arm64-gnu@4.52.5 OK for: rollup@4.52.5 want: 4.52.5
434 silly placeDep ROOT @rollup/rollup-linux-arm64-musl@4.52.5 OK for: rollup@4.52.5 want: 4.52.5
435 silly placeDep ROOT @rollup/rollup-linux-loong64-gnu@4.52.5 OK for: rollup@4.52.5 want: 4.52.5
436 silly placeDep ROOT @rollup/rollup-linux-ppc64-gnu@4.52.5 OK for: rollup@4.52.5 want: 4.52.5
437 silly placeDep ROOT @rollup/rollup-linux-riscv64-gnu@4.52.5 OK for: rollup@4.52.5 want: 4.52.5
438 silly placeDep ROOT @rollup/rollup-linux-riscv64-musl@4.52.5 OK for: rollup@4.52.5 want: 4.52.5
439 silly placeDep ROOT @rollup/rollup-linux-s390x-gnu@4.52.5 OK for: rollup@4.52.5 want: 4.52.5
440 silly placeDep ROOT @rollup/rollup-linux-x64-gnu@4.52.5 OK for: rollup@4.52.5 want: 4.52.5
441 silly placeDep ROOT @rollup/rollup-linux-x64-musl@4.52.5 OK for: rollup@4.52.5 want: 4.52.5
442 silly placeDep ROOT @rollup/rollup-openharmony-arm64@4.52.5 OK for: rollup@4.52.5 want: 4.52.5
443 silly placeDep ROOT @rollup/rollup-win32-arm64-msvc@4.52.5 OK for: rollup@4.52.5 want: 4.52.5
444 silly placeDep ROOT @rollup/rollup-win32-ia32-msvc@4.52.5 OK for: rollup@4.52.5 want: 4.52.5
445 silly placeDep ROOT @rollup/rollup-win32-x64-gnu@4.52.5 OK for: rollup@4.52.5 want: 4.52.5
446 silly placeDep ROOT @rollup/rollup-win32-x64-msvc@4.52.5 OK for: rollup@4.52.5 want: 4.52.5
447 silly placeDep ROOT @types/estree@1.0.8 OK for: rollup@4.52.5 want: 1.0.8
448 silly reify moves {}
449 silly audit bulk request {
449 silly audit   '@vitejs/plugin-react-swc': [ '3.11.0' ],
449 silly audit   vite: [ '5.4.21' ],
449 silly audit   react: [ '18.3.1' ],
449 silly audit   'react-dom': [ '18.3.1' ],
449 silly audit   'react-router-dom': [ '6.30.1' ],
449 silly audit   '@rolldown/pluginutils': [ '1.0.0-beta.27' ],
449 silly audit   '@swc/core': [ '1.14.0' ],
449 silly audit   '@swc/core-darwin-arm64': [ '1.14.0' ],
449 silly audit   '@swc/core-darwin-x64': [ '1.14.0' ],
449 silly audit   '@swc/core-linux-arm-gnueabihf': [ '1.14.0' ],
449 silly audit   '@swc/core-linux-arm64-gnu': [ '1.14.0' ],
449 silly audit   '@swc/core-linux-arm64-musl': [ '1.14.0' ],
449 silly audit   '@swc/core-linux-x64-gnu': [ '1.14.0' ],
449 silly audit   '@swc/core-linux-x64-musl': [ '1.14.0' ],
449 silly audit   '@swc/core-win32-arm64-msvc': [ '1.14.0' ],
449 silly audit   '@swc/core-win32-ia32-msvc': [ '1.14.0' ],
449 silly audit   '@swc/core-win32-x64-msvc': [ '1.14.0' ],
449 silly audit   '@swc/counter': [ '0.1.3' ],
449 silly audit   '@swc/types': [ '0.1.25' ],
449 silly audit   'loose-envify': [ '1.4.0' ],
449 silly audit   'js-tokens': [ '4.0.0' ],
449 silly audit   scheduler: [ '0.23.2' ],
449 silly audit   '@remix-run/router': [ '1.23.0' ],
449 silly audit   'react-router': [ '6.30.1' ],
449 silly audit   esbuild: [ '0.21.5' ],
449 silly audit   fsevents: [ '2.3.3' ],
449 silly audit   postcss: [ '8.5.6' ],
449 silly audit   rollup: [ '4.52.5' ],
449 silly audit   '@esbuild/aix-ppc64': [ '0.21.5' ],
449 silly audit   '@esbuild/android-arm': [ '0.21.5' ],
449 silly audit   '@esbuild/android-arm64': [ '0.21.5' ],
449 silly audit   '@esbuild/android-x64': [ '0.21.5' ],
449 silly audit   '@esbuild/darwin-arm64': [ '0.21.5' ],
449 silly audit   '@esbuild/darwin-x64': [ '0.21.5' ],
449 silly audit   '@esbuild/freebsd-arm64': [ '0.21.5' ],
449 silly audit   '@esbuild/freebsd-x64': [ '0.21.5' ],
449 silly audit   '@esbuild/linux-arm': [ '0.21.5' ],
449 silly audit   '@esbuild/linux-arm64': [ '0.21.5' ],
449 silly audit   '@esbuild/linux-ia32': [ '0.21.5' ],
449 silly audit   '@esbuild/linux-loong64': [ '0.21.5' ],
449 silly audit   '@esbuild/linux-mips64el': [ '0.21.5' ],
449 silly audit   '@esbuild/linux-ppc64': [ '0.21.5' ],
449 silly audit   '@esbuild/linux-riscv64': [ '0.21.5' ],
449 silly audit   '@esbuild/linux-s390x': [ '0.21.5' ],
449 silly audit   '@esbuild/linux-x64': [ '0.21.5' ],
449 silly audit   '@esbuild/netbsd-x64': [ '0.21.5' ],
449 silly audit   '@esbuild/openbsd-x64': [ '0.21.5' ],
449 silly audit   '@esbuild/sunos-x64': [ '0.21.5' ],
449 silly audit   '@esbuild/win32-arm64': [ '0.21.5' ],
449 silly audit   '@esbuild/win32-ia32': [ '0.21.5' ],
449 silly audit   '@esbuild/win32-x64': [ '0.21.5' ],
449 silly audit   nanoid: [ '3.3.11' ],
449 silly audit   picocolors: [ '1.1.1' ],
449 silly audit   'source-map-js': [ '1.2.1' ],
449 silly audit   '@rollup/rollup-android-arm-eabi': [ '4.52.5' ],
449 silly audit   '@rollup/rollup-android-arm64': [ '4.52.5' ],
449 silly audit   '@rollup/rollup-darwin-arm64': [ '4.52.5' ],
449 silly audit   '@rollup/rollup-darwin-x64': [ '4.52.5' ],
449 silly audit   '@rollup/rollup-freebsd-arm64': [ '4.52.5' ],
449 silly audit   '@rollup/rollup-freebsd-x64': [ '4.52.5' ],
449 silly audit   '@rollup/rollup-linux-arm-gnueabihf': [ '4.52.5' ],
449 silly audit   '@rollup/rollup-linux-arm-musleabihf': [ '4.52.5' ],
449 silly audit   '@rollup/rollup-linux-arm64-gnu': [ '4.52.5' ],
449 silly audit   '@rollup/rollup-linux-arm64-musl': [ '4.52.5' ],
449 silly audit   '@rollup/rollup-linux-loong64-gnu': [ '4.52.5' ],
449 silly audit   '@rollup/rollup-linux-ppc64-gnu': [ '4.52.5' ],
449 silly audit   '@rollup/rollup-linux-riscv64-gnu': [ '4.52.5' ],
449 silly audit   '@rollup/rollup-linux-riscv64-musl': [ '4.52.5' ],
449 silly audit   '@rollup/rollup-linux-s390x-gnu': [ '4.52.5' ],
449 silly audit   '@rollup/rollup-linux-x64-gnu': [ '4.52.5' ],
449 silly audit   '@rollup/rollup-linux-x64-musl': [ '4.52.5' ],
449 silly audit   '@rollup/rollup-openharmony-arm64': [ '4.52.5' ],
449 silly audit   '@rollup/rollup-win32-arm64-msvc': [ '4.52.5' ],
449 silly audit   '@rollup/rollup-win32-ia32-msvc': [ '4.52.5' ],
449 silly audit   '@rollup/rollup-win32-x64-gnu': [ '4.52.5' ],
449 silly audit   '@rollup/rollup-win32-x64-msvc': [ '4.52.5' ],
449 silly audit   '@types/estree': [ '1.0.8' ]
449 silly audit }
450 verbose reify failed optional dependency /Users/ay/Desktop/Smart to do list/frontend/node_modules/@rollup/rollup-win32-x64-msvc
451 silly reify mark deleted [
451 silly reify   '/Users/ay/Desktop/Smart to do list/frontend/node_modules/@rollup/rollup-win32-x64-msvc'
451 silly reify ]
452 verbose reify failed optional dependency /Users/ay/Desktop/Smart to do list/frontend/node_modules/@rollup/rollup-win32-x64-gnu
453 silly reify mark deleted [
453 silly reify   '/Users/ay/Desktop/Smart to do list/frontend/node_modules/@rollup/rollup-win32-x64-gnu'
453 silly reify ]
454 verbose reify failed optional dependency /Users/ay/Desktop/Smart to do list/frontend/node_modules/@rollup/rollup-win32-ia32-msvc
455 silly reify mark deleted [
455 silly reify   '/Users/ay/Desktop/Smart to do list/frontend/node_modules/@rollup/rollup-win32-ia32-msvc'
455 silly reify ]
456 verbose reify failed optional dependency /Users/ay/Desktop/Smart to do list/frontend/node_modules/@rollup/rollup-win32-arm64-msvc
457 silly reify mark deleted [
457 silly reify   '/Users/ay/Desktop/Smart to do list/frontend/node_modules/@rollup/rollup-win32-arm64-msvc'
457 silly reify ]
458 verbose reify failed optional dependency /Users/ay/Desktop/Smart to do list/frontend/node_modules/@rollup/rollup-openharmony-arm64
459 silly reify mark deleted [
459 silly reify   '/Users/ay/Desktop/Smart to do list/frontend/node_modules/@rollup/rollup-openharmony-arm64'
459 silly reify ]
460 verbose reify failed optional dependency /Users/ay/Desktop/Smart to do list/frontend/node_modules/@rollup/rollup-linux-x64-musl
461 silly reify mark deleted [
461 silly reify   '/Users/ay/Desktop/Smart to do list/frontend/node_modules/@rollup/rollup-linux-x64-musl'
461 silly reify ]
462 verbose reify failed optional dependency /Users/ay/Desktop/Smart to do list/frontend/node_modules/@rollup/rollup-linux-x64-gnu
463 silly reify mark deleted [
463 silly reify   '/Users/ay/Desktop/Smart to do list/frontend/node_modules/@rollup/rollup-linux-x64-gnu'
463 silly reify ]
464 verbose reify failed optional dependency /Users/ay/Desktop/Smart to do list/frontend/node_modules/@rollup/rollup-linux-s390x-gnu
465 silly reify mark deleted [
465 silly reify   '/Users/ay/Desktop/Smart to do list/frontend/node_modules/@rollup/rollup-linux-s390x-gnu'
465 silly reify ]
466 verbose reify failed optional dependency /Users/ay/Desktop/Smart to do list/frontend/node_modules/@rollup/rollup-linux-riscv64-musl
467 silly reify mark deleted [
467 silly reify   '/Users/ay/Desktop/Smart to do list/frontend/node_modules/@rollup/rollup-linux-riscv64-musl'
467 silly reify ]
468 verbose reify failed optional dependency /Users/ay/Desktop/Smart to do list/frontend/node_modules/@rollup/rollup-linux-riscv64-gnu
469 silly reify mark deleted [
469 silly reify   '/Users/ay/Desktop/Smart to do list/frontend/node_modules/@rollup/rollup-linux-riscv64-gnu'
469 silly reify ]
470 verbose reify failed optional dependency /Users/ay/Desktop/Smart to do list/frontend/node_modules/@rollup/rollup-linux-ppc64-gnu
471 silly reify mark deleted [
471 silly reify   '/Users/ay/Desktop/Smart to do list/frontend/node_modules/@rollup/rollup-linux-ppc64-gnu'
471 silly reify ]
472 verbose reify failed optional dependency /Users/ay/Desktop/Smart to do list/frontend/node_modules/@rollup/rollup-linux-loong64-gnu
473 silly reify mark deleted [
473 silly reify   '/Users/ay/Desktop/Smart to do list/frontend/node_modules/@rollup/rollup-linux-loong64-gnu'
473 silly reify ]
474 verbose reify failed optional dependency /Users/ay/Desktop/Smart to do list/frontend/node_modules/@rollup/rollup-linux-arm64-musl
475 silly reify mark deleted [
475 silly reify   '/Users/ay/Desktop/Smart to do list/frontend/node_modules/@rollup/rollup-linux-arm64-musl'
475 silly reify ]
476 verbose reify failed optional dependency /Users/ay/Desktop/Smart to do list/frontend/node_modules/@rollup/rollup-linux-arm64-gnu
477 silly reify mark deleted [
477 silly reify   '/Users/ay/Desktop/Smart to do list/frontend/node_modules/@rollup/rollup-linux-arm64-gnu'
477 silly reify ]
478 verbose reify failed optional dependency /Users/ay/Desktop/Smart to do list/frontend/node_modules/@rollup/rollup-linux-arm-musleabihf
479 silly reify mark deleted [
479 silly reify   '/Users/ay/Desktop/Smart to do list/frontend/node_modules/@rollup/rollup-linux-arm-musleabihf'
479 silly reify ]
480 verbose reify failed optional dependency /Users/ay/Desktop/Smart to do list/frontend/node_modules/@rollup/rollup-linux-arm-gnueabihf
481 silly reify mark deleted [
481 silly reify   '/Users/ay/Desktop/Smart to do list/frontend/node_modules/@rollup/rollup-linux-arm-gnueabihf'
481 silly reify ]
482 verbose reify failed optional dependency /Users/ay/Desktop/Smart to do list/frontend/node_modules/@rollup/rollup-freebsd-x64
483 silly reify mark deleted [
483 silly reify   '/Users/ay/Desktop/Smart to do list/frontend/node_modules/@rollup/rollup-freebsd-x64'
483 silly reify ]
484 verbose reify failed optional dependency /Users/ay/Desktop/Smart to do list/frontend/node_modules/@rollup/rollup-freebsd-arm64
485 silly reify mark deleted [
485 silly reify   '/Users/ay/Desktop/Smart to do list/frontend/node_modules/@rollup/rollup-freebsd-arm64'
485 silly reify ]
486 verbose reify failed optional dependency /Users/ay/Desktop/Smart to do list/frontend/node_modules/@rollup/rollup-darwin-x64
487 silly reify mark deleted [
487 silly reify   '/Users/ay/Desktop/Smart to do list/frontend/node_modules/@rollup/rollup-darwin-x64'
487 silly reify ]
488 verbose reify failed optional dependency /Users/ay/Desktop/Smart to do list/frontend/node_modules/@rollup/rollup-android-arm64
489 silly reify mark deleted [
489 silly reify   '/Users/ay/Desktop/Smart to do list/frontend/node_modules/@rollup/rollup-android-arm64'
489 silly reify ]
490 verbose reify failed optional dependency /Users/ay/Desktop/Smart to do list/frontend/node_modules/@rollup/rollup-android-arm-eabi
491 silly reify mark deleted [
491 silly reify   '/Users/ay/Desktop/Smart to do list/frontend/node_modules/@rollup/rollup-android-arm-eabi'
491 silly reify ]
492 verbose reify failed optional dependency /Users/ay/Desktop/Smart to do list/frontend/node_modules/@esbuild/win32-x64
493 silly reify mark deleted [
493 silly reify   '/Users/ay/Desktop/Smart to do list/frontend/node_modules/@esbuild/win32-x64'
493 silly reify ]
494 verbose reify failed optional dependency /Users/ay/Desktop/Smart to do list/frontend/node_modules/@esbuild/win32-ia32
495 silly reify mark deleted [
495 silly reify   '/Users/ay/Desktop/Smart to do list/frontend/node_modules/@esbuild/win32-ia32'
495 silly reify ]
496 verbose reify failed optional dependency /Users/ay/Desktop/Smart to do list/frontend/node_modules/@esbuild/win32-arm64
497 silly reify mark deleted [
497 silly reify   '/Users/ay/Desktop/Smart to do list/frontend/node_modules/@esbuild/win32-arm64'
497 silly reify ]
498 verbose reify failed optional dependency /Users/ay/Desktop/Smart to do list/frontend/node_modules/@esbuild/sunos-x64
499 silly reify mark deleted [
499 silly reify   '/Users/ay/Desktop/Smart to do list/frontend/node_modules/@esbuild/sunos-x64'
499 silly reify ]
500 verbose reify failed optional dependency /Users/ay/Desktop/Smart to do list/frontend/node_modules/@esbuild/openbsd-x64
501 silly reify mark deleted [
501 silly reify   '/Users/ay/Desktop/Smart to do list/frontend/node_modules/@esbuild/openbsd-x64'
501 silly reify ]
502 verbose reify failed optional dependency /Users/ay/Desktop/Smart to do list/frontend/node_modules/@esbuild/netbsd-x64
503 silly reify mark deleted [
503 silly reify   '/Users/ay/Desktop/Smart to do list/frontend/node_modules/@esbuild/netbsd-x64'
503 silly reify ]
504 verbose reify failed optional dependency /Users/ay/Desktop/Smart to do list/frontend/node_modules/@esbuild/linux-x64
505 silly reify mark deleted [
505 silly reify   '/Users/ay/Desktop/Smart to do list/frontend/node_modules/@esbuild/linux-x64'
505 silly reify ]
506 verbose reify failed optional dependency /Users/ay/Desktop/Smart to do list/frontend/node_modules/@esbuild/linux-s390x
507 silly reify mark deleted [
507 silly reify   '/Users/ay/Desktop/Smart to do list/frontend/node_modules/@esbuild/linux-s390x'
507 silly reify ]
508 verbose reify failed optional dependency /Users/ay/Desktop/Smart to do list/frontend/node_modules/@esbuild/linux-riscv64
509 silly reify mark deleted [
509 silly reify   '/Users/ay/Desktop/Smart to do list/frontend/node_modules/@esbuild/linux-riscv64'
509 silly reify ]
510 verbose reify failed optional dependency /Users/ay/Desktop/Smart to do list/frontend/node_modules/@esbuild/linux-ppc64
511 silly reify mark deleted [
511 silly reify   '/Users/ay/Desktop/Smart to do list/frontend/node_modules/@esbuild/linux-ppc64'
511 silly reify ]
512 verbose reify failed optional dependency /Users/ay/Desktop/Smart to do list/frontend/node_modules/@esbuild/linux-mips64el
513 silly reify mark deleted [
513 silly reify   '/Users/ay/Desktop/Smart to do list/frontend/node_modules/@esbuild/linux-mips64el'
513 silly reify ]
514 verbose reify failed optional dependency /Users/ay/Desktop/Smart to do list/frontend/node_modules/@esbuild/linux-loong64
515 silly reify mark deleted [
515 silly reify   '/Users/ay/Desktop/Smart to do list/frontend/node_modules/@esbuild/linux-loong64'
515 silly reify ]
516 verbose reify failed optional dependency /Users/ay/Desktop/Smart to do list/frontend/node_modules/@esbuild/linux-ia32
517 silly reify mark deleted [
517 silly reify   '/Users/ay/Desktop/Smart to do list/frontend/node_modules/@esbuild/linux-ia32'
517 silly reify ]
518 verbose reify failed optional dependency /Users/ay/Desktop/Smart to do list/frontend/node_modules/@esbuild/linux-arm64
519 silly reify mark deleted [
519 silly reify   '/Users/ay/Desktop/Smart to do list/frontend/node_modules/@esbuild/linux-arm64'
519 silly reify ]
520 verbose reify failed optional dependency /Users/ay/Desktop/Smart to do list/frontend/node_modules/@esbuild/linux-arm
521 silly reify mark deleted [
521 silly reify   '/Users/ay/Desktop/Smart to do list/frontend/node_modules/@esbuild/linux-arm'
521 silly reify ]
522 verbose reify failed optional dependency /Users/ay/Desktop/Smart to do list/frontend/node_modules/@esbuild/freebsd-x64
523 silly reify mark deleted [
523 silly reify   '/Users/ay/Desktop/Smart to do list/frontend/node_modules/@esbuild/freebsd-x64'
523 silly reify ]
524 verbose reify failed optional dependency /Users/ay/Desktop/Smart to do list/frontend/node_modules/@esbuild/freebsd-arm64
525 silly reify mark deleted [
525 silly reify   '/Users/ay/Desktop/Smart to do list/frontend/node_modules/@esbuild/freebsd-arm64'
525 silly reify ]
526 verbose reify failed optional dependency /Users/ay/Desktop/Smart to do list/frontend/node_modules/@esbuild/darwin-x64
527 silly reify mark deleted [
527 silly reify   '/Users/ay/Desktop/Smart to do list/frontend/node_modules/@esbuild/darwin-x64'
527 silly reify ]
528 verbose reify failed optional dependency /Users/ay/Desktop/Smart to do list/frontend/node_modules/@esbuild/android-x64
529 silly reify mark deleted [
529 silly reify   '/Users/ay/Desktop/Smart to do list/frontend/node_modules/@esbuild/android-x64'
529 silly reify ]
530 verbose reify failed optional dependency /Users/ay/Desktop/Smart to do list/frontend/node_modules/@esbuild/android-arm64
531 silly reify mark deleted [
531 silly reify   '/Users/ay/Desktop/Smart to do list/frontend/node_modules/@esbuild/android-arm64'
531 silly reify ]
532 verbose reify failed optional dependency /Users/ay/Desktop/Smart to do list/frontend/node_modules/@esbuild/android-arm
533 silly reify mark deleted [
533 silly reify   '/Users/ay/Desktop/Smart to do list/frontend/node_modules/@esbuild/android-arm'
533 silly reify ]
534 verbose reify failed optional dependency /Users/ay/Desktop/Smart to do list/frontend/node_modules/@esbuild/aix-ppc64
535 silly reify mark deleted [
535 silly reify   '/Users/ay/Desktop/Smart to do list/frontend/node_modules/@esbuild/aix-ppc64'
535 silly reify ]
536 verbose reify failed optional dependency /Users/ay/Desktop/Smart to do list/frontend/node_modules/@swc/core-win32-x64-msvc
537 silly reify mark deleted [
537 silly reify   '/Users/ay/Desktop/Smart to do list/frontend/node_modules/@swc/core-win32-x64-msvc'
537 silly reify ]
538 verbose reify failed optional dependency /Users/ay/Desktop/Smart to do list/frontend/node_modules/@swc/core-win32-ia32-msvc
539 silly reify mark deleted [
539 silly reify   '/Users/ay/Desktop/Smart to do list/frontend/node_modules/@swc/core-win32-ia32-msvc'
539 silly reify ]
540 verbose reify failed optional dependency /Users/ay/Desktop/Smart to do list/frontend/node_modules/@swc/core-win32-arm64-msvc
541 silly reify mark deleted [
541 silly reify   '/Users/ay/Desktop/Smart to do list/frontend/node_modules/@swc/core-win32-arm64-msvc'
541 silly reify ]
542 verbose reify failed optional dependency /Users/ay/Desktop/Smart to do list/frontend/node_modules/@swc/core-linux-x64-musl
543 silly reify mark deleted [
543 silly reify   '/Users/ay/Desktop/Smart to do list/frontend/node_modules/@swc/core-linux-x64-musl'
543 silly reify ]
544 verbose reify failed optional dependency /Users/ay/Desktop/Smart to do list/frontend/node_modules/@swc/core-linux-x64-gnu
545 silly reify mark deleted [
545 silly reify   '/Users/ay/Desktop/Smart to do list/frontend/node_modules/@swc/core-linux-x64-gnu'
545 silly reify ]
546 verbose reify failed optional dependency /Users/ay/Desktop/Smart to do list/frontend/node_modules/@swc/core-linux-arm64-musl
547 silly reify mark deleted [
547 silly reify   '/Users/ay/Desktop/Smart to do list/frontend/node_modules/@swc/core-linux-arm64-musl'
547 silly reify ]
548 verbose reify failed optional dependency /Users/ay/Desktop/Smart to do list/frontend/node_modules/@swc/core-linux-arm64-gnu
549 silly reify mark deleted [
549 silly reify   '/Users/ay/Desktop/Smart to do list/frontend/node_modules/@swc/core-linux-arm64-gnu'
549 silly reify ]
550 verbose reify failed optional dependency /Users/ay/Desktop/Smart to do list/frontend/node_modules/@swc/core-linux-arm-gnueabihf
551 silly reify mark deleted [
551 silly reify   '/Users/ay/Desktop/Smart to do list/frontend/node_modules/@swc/core-linux-arm-gnueabihf'
551 silly reify ]
552 verbose reify failed optional dependency /Users/ay/Desktop/Smart to do list/frontend/node_modules/@swc/core-darwin-x64
553 silly reify mark deleted [
553 silly reify   '/Users/ay/Desktop/Smart to do list/frontend/node_modules/@swc/core-darwin-x64'
553 silly reify ]
554 http cache @types/estree@https://registry.npmjs.org/@types/estree/-/estree-1.0.8.tgz 0ms (cache hit)
555 http cache @rollup/rollup-darwin-arm64@https://registry.npmjs.org/@rollup/rollup-darwin-arm64/-/rollup-darwin-arm64-4.52.5.tgz 0ms (cache hit)
556 http cache source-map-js@https://registry.npmjs.org/source-map-js/-/source-map-js-1.2.1.tgz 0ms (cache hit)
557 http cache nanoid@https://registry.npmjs.org/nanoid/-/nanoid-3.3.11.tgz 0ms (cache hit)
558 http cache @esbuild/darwin-arm64@https://registry.npmjs.org/@esbuild/darwin-arm64/-/darwin-arm64-0.21.5.tgz 0ms (cache hit)
559 http cache picocolors@https://registry.npmjs.org/picocolors/-/picocolors-1.1.1.tgz 0ms (cache hit)
560 http cache rollup@https://registry.npmjs.org/rollup/-/rollup-4.52.5.tgz 0ms (cache hit)
561 http cache postcss@https://registry.npmjs.org/postcss/-/postcss-8.5.6.tgz 0ms (cache hit)
562 http cache esbuild@https://registry.npmjs.org/esbuild/-/esbuild-0.21.5.tgz 0ms (cache hit)
563 http cache react-router@https://registry.npmjs.org/react-router/-/react-router-6.30.1.tgz 0ms (cache hit)
564 http cache @remix-run/router@https://registry.npmjs.org/@remix-run/router/-/router-1.23.0.tgz 0ms (cache hit)
565 http cache scheduler@https://registry.npmjs.org/scheduler/-/scheduler-0.23.2.tgz 0ms (cache hit)
566 http cache js-tokens@https://registry.npmjs.org/js-tokens/-/js-tokens-4.0.0.tgz 0ms (cache hit)
567 http cache loose-envify@https://registry.npmjs.org/loose-envify/-/loose-envify-1.4.0.tgz 0ms (cache hit)
568 http cache @swc/types@https://registry.npmjs.org/@swc/types/-/types-0.1.25.tgz 0ms (cache hit)
569 http cache @swc/counter@https://registry.npmjs.org/@swc/counter/-/counter-0.1.3.tgz 0ms (cache hit)
570 http cache fsevents@https://registry.npmjs.org/fsevents/-/fsevents-2.3.3.tgz 0ms (cache hit)
571 http cache @swc/core-darwin-arm64@https://registry.npmjs.org/@swc/core-darwin-arm64/-/core-darwin-arm64-1.14.0.tgz 0ms (cache hit)
572 http cache @swc/core@https://registry.npmjs.org/@swc/core/-/core-1.14.0.tgz 0ms (cache hit)
573 http cache @rolldown/pluginutils@https://registry.npmjs.org/@rolldown/pluginutils/-/pluginutils-1.0.0-beta.27.tgz 0ms (cache hit)
574 http cache react-router-dom@https://registry.npmjs.org/react-router-dom/-/react-router-dom-6.30.1.tgz 0ms (cache hit)
575 http cache react-dom@https://registry.npmjs.org/react-dom/-/react-dom-18.3.1.tgz 0ms (cache hit)
576 http cache react@https://registry.npmjs.org/react/-/react-18.3.1.tgz 0ms (cache hit)
577 http cache @vitejs/plugin-react-swc@https://registry.npmjs.org/@vitejs/plugin-react-swc/-/plugin-react-swc-3.11.0.tgz 0ms (cache hit)
578 http cache vite@https://registry.npmjs.org/vite/-/vite-5.4.21.tgz 0ms (cache hit)
579 silly tarball no local data for @types/estree@https://registry.npmjs.org/@types/estree/-/estree-1.0.8.tgz. Extracting by manifest.
580 silly tarball no local data for @rollup/rollup-darwin-arm64@https://registry.npmjs.org/@rollup/rollup-darwin-arm64/-/rollup-darwin-arm64-4.52.5.tgz. Extracting by manifest.
581 silly tarball no local data for source-map-js@https://registry.npmjs.org/source-map-js/-/source-map-js-1.2.1.tgz. Extracting by manifest.
582 silly tarball no local data for nanoid@https://registry.npmjs.org/nanoid/-/nanoid-3.3.11.tgz. Extracting by manifest.
583 silly tarball no local data for @esbuild/darwin-arm64@https://registry.npmjs.org/@esbuild/darwin-arm64/-/darwin-arm64-0.21.5.tgz. Extracting by manifest.
584 silly tarball no local data for picocolors@https://registry.npmjs.org/picocolors/-/picocolors-1.1.1.tgz. Extracting by manifest.
585 silly tarball no local data for rollup@https://registry.npmjs.org/rollup/-/rollup-4.52.5.tgz. Extracting by manifest.
586 silly tarball no local data for postcss@https://registry.npmjs.org/postcss/-/postcss-8.5.6.tgz. Extracting by manifest.
587 silly tarball no local data for esbuild@https://registry.npmjs.org/esbuild/-/esbuild-0.21.5.tgz. Extracting by manifest.
588 silly tarball no local data for react-router@https://registry.npmjs.org/react-router/-/react-router-6.30.1.tgz. Extracting by manifest.
589 silly tarball no local data for @remix-run/router@https://registry.npmjs.org/@remix-run/router/-/router-1.23.0.tgz. Extracting by manifest.
590 silly tarball no local data for scheduler@https://registry.npmjs.org/scheduler/-/scheduler-0.23.2.tgz. Extracting by manifest.
591 silly tarball no local data for js-tokens@https://registry.npmjs.org/js-tokens/-/js-tokens-4.0.0.tgz. Extracting by manifest.
592 silly tarball no local data for loose-envify@https://registry.npmjs.org/loose-envify/-/loose-envify-1.4.0.tgz. Extracting by manifest.
593 silly tarball no local data for @swc/types@https://registry.npmjs.org/@swc/types/-/types-0.1.25.tgz. Extracting by manifest.
594 silly tarball no local data for @swc/counter@https://registry.npmjs.org/@swc/counter/-/counter-0.1.3.tgz. Extracting by manifest.
595 silly tarball no local data for fsevents@https://registry.npmjs.org/fsevents/-/fsevents-2.3.3.tgz. Extracting by manifest.
596 silly tarball no local data for @swc/core-darwin-arm64@https://registry.npmjs.org/@swc/core-darwin-arm64/-/core-darwin-arm64-1.14.0.tgz. Extracting by manifest.
597 silly tarball no local data for @swc/core@https://registry.npmjs.org/@swc/core/-/core-1.14.0.tgz. Extracting by manifest.
598 silly tarball no local data for @rolldown/pluginutils@https://registry.npmjs.org/@rolldown/pluginutils/-/pluginutils-1.0.0-beta.27.tgz. Extracting by manifest.
599 silly tarball no local data for react-router-dom@https://registry.npmjs.org/react-router-dom/-/react-router-dom-6.30.1.tgz. Extracting by manifest.
600 silly tarball no local data for react-dom@https://registry.npmjs.org/react-dom/-/react-dom-18.3.1.tgz. Extracting by manifest.
601 silly tarball no local data for react@https://registry.npmjs.org/react/-/react-18.3.1.tgz. Extracting by manifest.
602 silly tarball no local data for @vitejs/plugin-react-swc@https://registry.npmjs.org/@vitejs/plugin-react-swc/-/plugin-react-swc-3.11.0.tgz. Extracting by manifest.
603 silly tarball no local data for vite@https://registry.npmjs.org/vite/-/vite-5.4.21.tgz. Extracting by manifest.
604 http fetch GET 200 https://registry.npmjs.org/picocolors/-/picocolors-1.1.1.tgz 50ms (cache miss)
605 http fetch GET 200 https://registry.npmjs.org/@types/estree/-/estree-1.0.8.tgz 51ms (cache miss)
606 http fetch GET 200 https://registry.npmjs.org/source-map-js/-/source-map-js-1.2.1.tgz 52ms (cache miss)
607 http fetch GET 200 https://registry.npmjs.org/nanoid/-/nanoid-3.3.11.tgz 52ms (cache miss)
608 http fetch GET 200 https://registry.npmjs.org/@swc/counter/-/counter-0.1.3.tgz 120ms (cache miss)
609 http fetch GET 200 https://registry.npmjs.org/loose-envify/-/loose-envify-1.4.0.tgz 121ms (cache miss)
610 http fetch GET 200 https://registry.npmjs.org/esbuild/-/esbuild-0.21.5.tgz 126ms (cache miss)
611 http fetch GET 200 https://registry.npmjs.org/fsevents/-/fsevents-2.3.3.tgz 125ms (cache miss)
612 http fetch GET 200 https://registry.npmjs.org/js-tokens/-/js-tokens-4.0.0.tgz 140ms (cache miss)
613 http fetch POST 200 https://registry.npmjs.org/-/npm/v1/security/advisories/bulk 219ms
614 silly audit report {
614 silly audit report   esbuild: [
614 silly audit report     {
614 silly audit report       id: 1102341,
614 silly audit report       url: 'https://github.com/advisories/GHSA-67mh-4wv8-2f99',
614 silly audit report       title: 'esbuild enables any website to send any requests to the development server and read the response',
614 silly audit report       severity: 'moderate',
614 silly audit report       vulnerable_versions: '<=0.24.2',
614 silly audit report       cwe: [Array],
614 silly audit report       cvss: [Object]
614 silly audit report     }
614 silly audit report   ]
614 silly audit report }
615 silly packumentCache corgi:https://registry.npmjs.org/esbuild cache-miss
616 http fetch GET 200 https://registry.npmjs.org/react/-/react-18.3.1.tgz 250ms (cache miss)
617 http fetch GET 200 https://registry.npmjs.org/scheduler/-/scheduler-0.23.2.tgz 376ms (cache miss)
618 http fetch GET 200 https://registry.npmjs.org/postcss/-/postcss-8.5.6.tgz 446ms (cache miss)
619 http fetch GET 200 https://registry.npmjs.org/react-router-dom/-/react-router-dom-6.30.1.tgz 446ms (cache miss)
620 http fetch GET 200 https://registry.npmjs.org/rollup/-/rollup-4.52.5.tgz 524ms (cache miss)
621 http fetch GET 200 https://registry.npmjs.org/@swc/types/-/types-0.1.25.tgz 756ms (cache miss)
622 http fetch GET 200 https://registry.npmjs.org/@swc/core/-/core-1.14.0.tgz 756ms (cache miss)
623 http fetch GET 200 https://registry.npmjs.org/esbuild 552ms (cache miss)
624 silly packumentCache corgi:https://registry.npmjs.org/esbuild set size:undefined disposed:false
625 silly packumentCache corgi:https://registry.npmjs.org/vite cache-miss
626 http fetch GET 200 https://registry.npmjs.org/@rolldown/pluginutils/-/pluginutils-1.0.0-beta.27.tgz 844ms (cache miss)
627 http fetch GET 200 https://registry.npmjs.org/react-router/-/react-router-6.30.1.tgz 846ms (cache miss)
628 http fetch GET 200 https://registry.npmjs.org/vite/-/vite-5.4.21.tgz 1006ms (cache miss)
629 http fetch GET 200 https://registry.npmjs.org/react-dom/-/react-dom-18.3.1.tgz 1006ms (cache miss)
630 http fetch GET 200 https://registry.npmjs.org/@vitejs/plugin-react-swc/-/plugin-react-swc-3.11.0.tgz 1036ms (cache miss)
631 http fetch GET 200 https://registry.npmjs.org/vite 577ms (cache miss)
632 silly packumentCache corgi:https://registry.npmjs.org/vite set size:undefined disposed:false
633 silly packumentCache corgi:https://registry.npmjs.org/@vitejs%2fplugin-react-swc cache-miss
634 http fetch GET 200 https://registry.npmjs.org/@remix-run/router/-/router-1.23.0.tgz 1434ms (cache miss)
635 http fetch GET 200 https://registry.npmjs.org/@vitejs%2fplugin-react-swc 59ms (cache miss)
636 silly packumentCache corgi:https://registry.npmjs.org/@vitejs%2fplugin-react-swc set size:undefined disposed:false
637 http fetch GET 200 https://registry.npmjs.org/@rollup/rollup-darwin-arm64/-/rollup-darwin-arm64-4.52.5.tgz 1867ms (cache miss)
638 http fetch GET 200 https://registry.npmjs.org/@esbuild/darwin-arm64/-/darwin-arm64-0.21.5.tgz 4210ms (cache miss)
639 http fetch GET 200 https://registry.npmjs.org/@swc/core-darwin-arm64/-/core-darwin-arm64-1.14.0.tgz 5138ms (cache miss)
640 info run fsevents@2.3.3 install node_modules/fsevents node-gyp rebuild
641 info run fsevents@2.3.3 install { code: 1, signal: null }
642 verbose reify failed optional dependency /Users/ay/Desktop/Smart to do list/frontend/node_modules/fsevents
643 silly reify mark deleted [ '/Users/ay/Desktop/Smart to do list/frontend/node_modules/fsevents' ]
644 info run @swc/core@1.14.0 postinstall node_modules/@swc/core node postinstall.js
645 info run esbuild@0.21.5 postinstall node_modules/esbuild node install.js
646 info run @swc/core@1.14.0 postinstall { code: 0, signal: null }
647 info run esbuild@0.21.5 postinstall { code: 0, signal: null }
648 silly ADD node_modules/@types/estree
649 silly ADD
650 silly ADD
651 silly ADD
652 silly ADD
653 silly ADD
654 silly ADD
655 silly ADD
656 silly ADD
657 silly ADD
658 silly ADD
659 silly ADD
660 silly ADD
661 silly ADD
662 silly ADD
663 silly ADD
664 silly ADD
665 silly ADD
666 silly ADD
667 silly ADD
668 silly ADD node_modules/@rollup/rollup-darwin-arm64
669 silly ADD
670 silly ADD
671 silly ADD node_modules/source-map-js
672 silly ADD node_modules/picocolors
673 silly ADD node_modules/nanoid
674 silly ADD
675 silly ADD
676 silly ADD
677 silly ADD
678 silly ADD
679 silly ADD
680 silly ADD
681 silly ADD
682 silly ADD
683 silly ADD
684 silly ADD
685 silly ADD
686 silly ADD
687 silly ADD
688 silly ADD
689 silly ADD
690 silly ADD
691 silly ADD
692 silly ADD node_modules/@esbuild/darwin-arm64
693 silly ADD
694 silly ADD
695 silly ADD
696 silly ADD
697 silly ADD node_modules/rollup
698 silly ADD node_modules/postcss
699 silly ADD
700 silly ADD node_modules/esbuild
701 silly ADD node_modules/react-router
702 silly ADD node_modules/@remix-run/router
703 silly ADD node_modules/scheduler
704 silly ADD node_modules/js-tokens
705 silly ADD node_modules/loose-envify
706 silly ADD node_modules/@swc/types
707 silly ADD node_modules/@swc/counter
708 silly ADD
709 silly ADD
710 silly ADD
711 silly ADD
712 silly ADD
713 silly ADD
714 silly ADD
715 silly ADD
716 silly ADD
717 silly ADD node_modules/@swc/core-darwin-arm64
718 silly ADD node_modules/@swc/core
719 silly ADD node_modules/@rolldown/pluginutils
720 silly ADD node_modules/react-router-dom
721 silly ADD node_modules/react-dom
722 silly ADD node_modules/react
723 silly ADD node_modules/vite
724 silly ADD node_modules/@vitejs/plugin-react-swc
725 verbose cwd /Users/ay/Desktop/Smart to do list/frontend
726 verbose os Darwin 24.6.0
727 verbose node v22.19.0
728 verbose npm  v10.9.3
729 notice
729 notice New major version of npm available! 10.9.3 -> 11.6.2
729 notice Changelog: https://github.com/npm/cli/releases/tag/v11.6.2
729 notice To update run: npm install -g npm@11.6.2
729 notice  { force: true, [Symbol(proc-log.meta)]: true }
730 verbose exit 0
731 info ok
